<?xml version="1.0" encoding="UTF-8"?>
<testsuite xmlns:xsi="http://www.w3.org/2001/XMLSchema-instance" xsi:noNamespaceSchemaLocation="https://maven.apache.org/surefire/maven-surefire-plugin/xsd/surefire-test-report.xsd" name="TestSuite" time="10.327" tests="7" errors="0" skipped="0" failures="0">
  <properties>
    <property name="sun.desktop" value="windows"/>
    <property name="awt.toolkit" value="sun.awt.windows.WToolkit"/>
    <property name="file.encoding.pkg" value="sun.io"/>
    <property name="java.specification.version" value="1.8"/>
    <property name="sun.cpu.isalist" value="amd64"/>
    <property name="sun.jnu.encoding" value="Cp1252"/>
    <property name="java.class.path" value="C:\Users\satya\workspace\scenario\target\test-classes;C:\Users\satya\workspace\scenario\target\classes;C:\Users\satya\.m2\repository\org\testng\testng\6.10\testng-6.10.jar;C:\Users\satya\.m2\repository\com\beust\jcommander\1.48\jcommander-1.48.jar;C:\Users\satya\.m2\repository\org\apache\velocity\velocity-tools\2.0\velocity-tools-2.0.jar;C:\Users\satya\.m2\repository\commons-beanutils\commons-beanutils\1.7.0\commons-beanutils-1.7.0.jar;C:\Users\satya\.m2\repository\commons-digester\commons-digester\1.8\commons-digester-1.8.jar;C:\Users\satya\.m2\repository\commons-chain\commons-chain\1.1\commons-chain-1.1.jar;C:\Users\satya\.m2\repository\commons-collections\commons-collections\3.2\commons-collections-3.2.jar;C:\Users\satya\.m2\repository\commons-logging\commons-logging\1.1\commons-logging-1.1.jar;C:\Users\satya\.m2\repository\javax\servlet\servlet-api\2.3\servlet-api-2.3.jar;C:\Users\satya\.m2\repository\commons-validator\commons-validator\1.3.1\commons-validator-1.3.1.jar;C:\Users\satya\.m2\repository\dom4j\dom4j\1.1\dom4j-1.1.jar;C:\Users\satya\.m2\repository\oro\oro\2.0.8\oro-2.0.8.jar;C:\Users\satya\.m2\repository\sslext\sslext\1.2-0\sslext-1.2-0.jar;C:\Users\satya\.m2\repository\org\apache\struts\struts-core\1.3.8\struts-core-1.3.8.jar;C:\Users\satya\.m2\repository\antlr\antlr\2.7.2\antlr-2.7.2.jar;C:\Users\satya\.m2\repository\org\apache\struts\struts-taglib\1.3.8\struts-taglib-1.3.8.jar;C:\Users\satya\.m2\repository\org\apache\struts\struts-tiles\1.3.8\struts-tiles-1.3.8.jar;C:\Users\satya\.m2\repository\org\apache\velocity\velocity\1.6.2\velocity-1.6.2.jar;C:\Users\satya\.m2\repository\commons-lang\commons-lang\2.4\commons-lang-2.4.jar;C:\Users\satya\.m2\repository\org\seleniumhq\selenium\selenium-java\3.6.0\selenium-java-3.6.0.jar;C:\Users\satya\.m2\repository\org\seleniumhq\selenium\selenium-api\3.6.0\selenium-api-3.6.0.jar;C:\Users\satya\.m2\repository\org\seleniumhq\selenium\selenium-chrome-driver\3.6.0\selenium-chrome-driver-3.6.0.jar;C:\Users\satya\.m2\repository\org\seleniumhq\selenium\selenium-edge-driver\3.6.0\selenium-edge-driver-3.6.0.jar;C:\Users\satya\.m2\repository\org\seleniumhq\selenium\selenium-firefox-driver\3.6.0\selenium-firefox-driver-3.6.0.jar;C:\Users\satya\.m2\repository\org\seleniumhq\selenium\selenium-ie-driver\3.6.0\selenium-ie-driver-3.6.0.jar;C:\Users\satya\.m2\repository\org\seleniumhq\selenium\selenium-opera-driver\3.6.0\selenium-opera-driver-3.6.0.jar;C:\Users\satya\.m2\repository\org\seleniumhq\selenium\selenium-remote-driver\3.6.0\selenium-remote-driver-3.6.0.jar;C:\Users\satya\.m2\repository\org\seleniumhq\selenium\selenium-safari-driver\3.6.0\selenium-safari-driver-3.6.0.jar;C:\Users\satya\.m2\repository\org\seleniumhq\selenium\selenium-support\3.6.0\selenium-support-3.6.0.jar;C:\Users\satya\.m2\repository\net\bytebuddy\byte-buddy\1.7.5\byte-buddy-1.7.5.jar;C:\Users\satya\.m2\repository\org\apache\commons\commons-exec\1.3\commons-exec-1.3.jar;C:\Users\satya\.m2\repository\commons-codec\commons-codec\1.10\commons-codec-1.10.jar;C:\Users\satya\.m2\repository\com\google\code\gson\gson\2.8.0\gson-2.8.0.jar;C:\Users\satya\.m2\repository\com\google\guava\guava\23.0\guava-23.0.jar;C:\Users\satya\.m2\repository\com\google\code\findbugs\jsr305\1.3.9\jsr305-1.3.9.jar;C:\Users\satya\.m2\repository\com\google\errorprone\error_prone_annotations\2.0.18\error_prone_annotations-2.0.18.jar;C:\Users\satya\.m2\repository\com\google\j2objc\j2objc-annotations\1.1\j2objc-annotations-1.1.jar;C:\Users\satya\.m2\repository\org\codehaus\mojo\animal-sniffer-annotations\1.14\animal-sniffer-annotations-1.14.jar;C:\Users\satya\.m2\repository\org\apache\httpcomponents\httpclient\4.5.3\httpclient-4.5.3.jar;C:\Users\satya\.m2\repository\org\apache\httpcomponents\httpcore\4.4.6\httpcore-4.4.6.jar;C:\Users\satya\.m2\repository\net\java\dev\jna\jna\4.1.0\jna-4.1.0.jar;C:\Users\satya\.m2\repository\net\java\dev\jna\jna-platform\4.1.0\jna-platform-4.1.0.jar;C:\Users\satya\.m2\repository\log4j\log4j\1.2.17\log4j-1.2.17.jar;C:\Users\satya\.m2\repository\com\google\inject\guice\3.0\guice-3.0.jar;C:\Users\satya\.m2\repository\javax\inject\javax.inject\1\javax.inject-1.jar;C:\Users\satya\.m2\repository\aopalliance\aopalliance\1.0\aopalliance-1.0.jar;C:\Users\satya\.m2\repository\commons-io\commons-io\2.5\commons-io-2.5.jar;C:\Users\satya\.m2\repository\org\uncommons\reportng\1.1.4\reportng-1.1.4.jar;C:\Users\satya\.m2\repository\velocity\velocity\1.4\velocity-1.4.jar;C:\Users\satya\.m2\repository\velocity\velocity-dep\1.4\velocity-dep-1.4.jar;C:\Users\satya\.m2\repository\org\apache\poi\poi\3.15\poi-3.15.jar;C:\Users\satya\.m2\repository\org\apache\commons\commons-collections4\4.1\commons-collections4-4.1.jar;C:\Users\satya\.m2\repository\org\apache\poi\poi-ooxml\3.15\poi-ooxml-3.15.jar;C:\Users\satya\.m2\repository\org\apache\poi\poi-ooxml-schemas\3.15\poi-ooxml-schemas-3.15.jar;C:\Users\satya\.m2\repository\org\apache\xmlbeans\xmlbeans\2.6.0\xmlbeans-2.6.0.jar;C:\Users\satya\.m2\repository\stax\stax-api\1.0.1\stax-api-1.0.1.jar;C:\Users\satya\.m2\repository\com\github\virtuald\curvesapi\1.04\curvesapi-1.04.jar;C:\Users\satya\.m2\repository\com\aventstack\extentreports\3.0.0\extentreports-3.0.0.jar;C:\Users\satya\.m2\repository\org\freemarker\freemarker\2.3.23\freemarker-2.3.23.jar;C:\Users\satya\.m2\repository\org\mongodb\mongodb-driver\3.3.0\mongodb-driver-3.3.0.jar;C:\Users\satya\.m2\repository\org\mongodb\bson\3.3.0\bson-3.3.0.jar;C:\Users\satya\.m2\repository\org\mongodb\mongodb-driver-core\3.3.0\mongodb-driver-core-3.3.0.jar;C:\Users\satya\.m2\repository\org\apache\httpcomponents\httpmime\4.5.2\httpmime-4.5.2.jar;C:\Users\satya\.m2\repository\xml-apis\xml-apis\1.4.01\xml-apis-1.4.01.jar;C:\Users\satya\.m2\repository\com\relevantcodes\extentreports\2.41.2\extentreports-2.41.2.jar;C:\Users\satya\.m2\repository\org\jsoup\jsoup\1.8.3\jsoup-1.8.3.jar;C:\Users\satya\.m2\repository\org\xerial\sqlite-jdbc\3.8.11.1\sqlite-jdbc-3.8.11.1.jar;C:\Users\satya\.m2\repository\org\apache\maven\surefire\surefire-testng-utils\2.21.0\surefire-testng-utils-2.21.0.jar;C:\Users\satya\.m2\repository\org\apache\maven\surefire\surefire-grouper\2.21.0\surefire-grouper-2.21.0.jar;"/>
    <property name="java.vm.vendor" value="Oracle Corporation"/>
    <property name="sun.arch.data.model" value="64"/>
    <property name="user.variant" value=""/>
    <property name="java.vendor.url" value="http://java.oracle.com/"/>
    <property name="user.timezone" value=""/>
    <property name="java.vm.specification.version" value="1.8"/>
    <property name="os.name" value="Windows 7"/>
    <property name="user.country" value="US"/>
    <property name="sun.java.launcher" value="SUN_STANDARD"/>
    <property name="sun.boot.library.path" value="C:\Program Files\Java\jdk1.8.0_65\jre\bin"/>
    <property name="sun.java.command" value="C:\Users\satya\AppData\Local\Temp\surefire3705812578971791024\surefirebooter211848871372773553.jar C:\Users\satya\AppData\Local\Temp\surefire3705812578971791024 2018-04-14T17-54-29_090-jvmRun1 surefire8966530405087831418tmp surefire_02217115262010761027tmp"/>
    <property name="surefire.test.class.path" value="C:\Users\satya\workspace\scenario\target\test-classes;C:\Users\satya\workspace\scenario\target\classes;C:\Users\satya\.m2\repository\org\testng\testng\6.10\testng-6.10.jar;C:\Users\satya\.m2\repository\com\beust\jcommander\1.48\jcommander-1.48.jar;C:\Users\satya\.m2\repository\org\apache\velocity\velocity-tools\2.0\velocity-tools-2.0.jar;C:\Users\satya\.m2\repository\commons-beanutils\commons-beanutils\1.7.0\commons-beanutils-1.7.0.jar;C:\Users\satya\.m2\repository\commons-digester\commons-digester\1.8\commons-digester-1.8.jar;C:\Users\satya\.m2\repository\commons-chain\commons-chain\1.1\commons-chain-1.1.jar;C:\Users\satya\.m2\repository\commons-collections\commons-collections\3.2\commons-collections-3.2.jar;C:\Users\satya\.m2\repository\commons-logging\commons-logging\1.1\commons-logging-1.1.jar;C:\Users\satya\.m2\repository\javax\servlet\servlet-api\2.3\servlet-api-2.3.jar;C:\Users\satya\.m2\repository\commons-validator\commons-validator\1.3.1\commons-validator-1.3.1.jar;C:\Users\satya\.m2\repository\dom4j\dom4j\1.1\dom4j-1.1.jar;C:\Users\satya\.m2\repository\oro\oro\2.0.8\oro-2.0.8.jar;C:\Users\satya\.m2\repository\sslext\sslext\1.2-0\sslext-1.2-0.jar;C:\Users\satya\.m2\repository\org\apache\struts\struts-core\1.3.8\struts-core-1.3.8.jar;C:\Users\satya\.m2\repository\antlr\antlr\2.7.2\antlr-2.7.2.jar;C:\Users\satya\.m2\repository\org\apache\struts\struts-taglib\1.3.8\struts-taglib-1.3.8.jar;C:\Users\satya\.m2\repository\org\apache\struts\struts-tiles\1.3.8\struts-tiles-1.3.8.jar;C:\Users\satya\.m2\repository\org\apache\velocity\velocity\1.6.2\velocity-1.6.2.jar;C:\Users\satya\.m2\repository\commons-lang\commons-lang\2.4\commons-lang-2.4.jar;C:\Users\satya\.m2\repository\org\seleniumhq\selenium\selenium-java\3.6.0\selenium-java-3.6.0.jar;C:\Users\satya\.m2\repository\org\seleniumhq\selenium\selenium-api\3.6.0\selenium-api-3.6.0.jar;C:\Users\satya\.m2\repository\org\seleniumhq\selenium\selenium-chrome-driver\3.6.0\selenium-chrome-driver-3.6.0.jar;C:\Users\satya\.m2\repository\org\seleniumhq\selenium\selenium-edge-driver\3.6.0\selenium-edge-driver-3.6.0.jar;C:\Users\satya\.m2\repository\org\seleniumhq\selenium\selenium-firefox-driver\3.6.0\selenium-firefox-driver-3.6.0.jar;C:\Users\satya\.m2\repository\org\seleniumhq\selenium\selenium-ie-driver\3.6.0\selenium-ie-driver-3.6.0.jar;C:\Users\satya\.m2\repository\org\seleniumhq\selenium\selenium-opera-driver\3.6.0\selenium-opera-driver-3.6.0.jar;C:\Users\satya\.m2\repository\org\seleniumhq\selenium\selenium-remote-driver\3.6.0\selenium-remote-driver-3.6.0.jar;C:\Users\satya\.m2\repository\org\seleniumhq\selenium\selenium-safari-driver\3.6.0\selenium-safari-driver-3.6.0.jar;C:\Users\satya\.m2\repository\org\seleniumhq\selenium\selenium-support\3.6.0\selenium-support-3.6.0.jar;C:\Users\satya\.m2\repository\net\bytebuddy\byte-buddy\1.7.5\byte-buddy-1.7.5.jar;C:\Users\satya\.m2\repository\org\apache\commons\commons-exec\1.3\commons-exec-1.3.jar;C:\Users\satya\.m2\repository\commons-codec\commons-codec\1.10\commons-codec-1.10.jar;C:\Users\satya\.m2\repository\com\google\code\gson\gson\2.8.0\gson-2.8.0.jar;C:\Users\satya\.m2\repository\com\google\guava\guava\23.0\guava-23.0.jar;C:\Users\satya\.m2\repository\com\google\code\findbugs\jsr305\1.3.9\jsr305-1.3.9.jar;C:\Users\satya\.m2\repository\com\google\errorprone\error_prone_annotations\2.0.18\error_prone_annotations-2.0.18.jar;C:\Users\satya\.m2\repository\com\google\j2objc\j2objc-annotations\1.1\j2objc-annotations-1.1.jar;C:\Users\satya\.m2\repository\org\codehaus\mojo\animal-sniffer-annotations\1.14\animal-sniffer-annotations-1.14.jar;C:\Users\satya\.m2\repository\org\apache\httpcomponents\httpclient\4.5.3\httpclient-4.5.3.jar;C:\Users\satya\.m2\repository\org\apache\httpcomponents\httpcore\4.4.6\httpcore-4.4.6.jar;C:\Users\satya\.m2\repository\net\java\dev\jna\jna\4.1.0\jna-4.1.0.jar;C:\Users\satya\.m2\repository\net\java\dev\jna\jna-platform\4.1.0\jna-platform-4.1.0.jar;C:\Users\satya\.m2\repository\log4j\log4j\1.2.17\log4j-1.2.17.jar;C:\Users\satya\.m2\repository\com\google\inject\guice\3.0\guice-3.0.jar;C:\Users\satya\.m2\repository\javax\inject\javax.inject\1\javax.inject-1.jar;C:\Users\satya\.m2\repository\aopalliance\aopalliance\1.0\aopalliance-1.0.jar;C:\Users\satya\.m2\repository\commons-io\commons-io\2.5\commons-io-2.5.jar;C:\Users\satya\.m2\repository\org\uncommons\reportng\1.1.4\reportng-1.1.4.jar;C:\Users\satya\.m2\repository\velocity\velocity\1.4\velocity-1.4.jar;C:\Users\satya\.m2\repository\velocity\velocity-dep\1.4\velocity-dep-1.4.jar;C:\Users\satya\.m2\repository\org\apache\poi\poi\3.15\poi-3.15.jar;C:\Users\satya\.m2\repository\org\apache\commons\commons-collections4\4.1\commons-collections4-4.1.jar;C:\Users\satya\.m2\repository\org\apache\poi\poi-ooxml\3.15\poi-ooxml-3.15.jar;C:\Users\satya\.m2\repository\org\apache\poi\poi-ooxml-schemas\3.15\poi-ooxml-schemas-3.15.jar;C:\Users\satya\.m2\repository\org\apache\xmlbeans\xmlbeans\2.6.0\xmlbeans-2.6.0.jar;C:\Users\satya\.m2\repository\stax\stax-api\1.0.1\stax-api-1.0.1.jar;C:\Users\satya\.m2\repository\com\github\virtuald\curvesapi\1.04\curvesapi-1.04.jar;C:\Users\satya\.m2\repository\com\aventstack\extentreports\3.0.0\extentreports-3.0.0.jar;C:\Users\satya\.m2\repository\org\freemarker\freemarker\2.3.23\freemarker-2.3.23.jar;C:\Users\satya\.m2\repository\org\mongodb\mongodb-driver\3.3.0\mongodb-driver-3.3.0.jar;C:\Users\satya\.m2\repository\org\mongodb\bson\3.3.0\bson-3.3.0.jar;C:\Users\satya\.m2\repository\org\mongodb\mongodb-driver-core\3.3.0\mongodb-driver-core-3.3.0.jar;C:\Users\satya\.m2\repository\org\apache\httpcomponents\httpmime\4.5.2\httpmime-4.5.2.jar;C:\Users\satya\.m2\repository\xml-apis\xml-apis\1.4.01\xml-apis-1.4.01.jar;C:\Users\satya\.m2\repository\com\relevantcodes\extentreports\2.41.2\extentreports-2.41.2.jar;C:\Users\satya\.m2\repository\org\jsoup\jsoup\1.8.3\jsoup-1.8.3.jar;C:\Users\satya\.m2\repository\org\xerial\sqlite-jdbc\3.8.11.1\sqlite-jdbc-3.8.11.1.jar;C:\Users\satya\.m2\repository\org\apache\maven\surefire\surefire-testng-utils\2.21.0\surefire-testng-utils-2.21.0.jar;C:\Users\satya\.m2\repository\org\apache\maven\surefire\surefire-grouper\2.21.0\surefire-grouper-2.21.0.jar;"/>
    <property name="sun.cpu.endian" value="little"/>
    <property name="user.home" value="C:\Users\satya"/>
    <property name="user.language" value="en"/>
    <property name="java.specification.vendor" value="Oracle Corporation"/>
    <property name="java.home" value="C:\Program Files\Java\jdk1.8.0_65\jre"/>
    <property name="basedir" value="C:\Users\satya\workspace\scenario"/>
    <property name="file.separator" value="\"/>
    <property name="line.separator" value="&#10;"/>
    <property name="java.vm.specification.vendor" value="Oracle Corporation"/>
    <property name="java.specification.name" value="Java Platform API Specification"/>
    <property name="java.awt.graphicsenv" value="sun.awt.Win32GraphicsEnvironment"/>
    <property name="surefire.real.class.path" value="C:\Users\satya\AppData\Local\Temp\surefire3705812578971791024\surefirebooter211848871372773553.jar"/>
    <property name="sun.boot.class.path" value="C:\Program Files\Java\jdk1.8.0_65\jre\lib\resources.jar;C:\Program Files\Java\jdk1.8.0_65\jre\lib\rt.jar;C:\Program Files\Java\jdk1.8.0_65\jre\lib\sunrsasign.jar;C:\Program Files\Java\jdk1.8.0_65\jre\lib\jsse.jar;C:\Program Files\Java\jdk1.8.0_65\jre\lib\jce.jar;C:\Program Files\Java\jdk1.8.0_65\jre\lib\charsets.jar;C:\Program Files\Java\jdk1.8.0_65\jre\lib\jfr.jar;C:\Program Files\Java\jdk1.8.0_65\jre\classes"/>
    <property name="user.script" value=""/>
    <property name="sun.management.compiler" value="HotSpot 64-Bit Tiered Compilers"/>
    <property name="java.runtime.version" value="1.8.0_65-b17"/>
    <property name="user.name" value="satya"/>
    <property name="path.separator" value=";"/>
    <property name="os.version" value="6.1"/>
    <property name="java.endorsed.dirs" value="C:\Program Files\Java\jdk1.8.0_65\jre\lib\endorsed"/>
    <property name="java.runtime.name" value="Java(TM) SE Runtime Environment"/>
    <property name="file.encoding" value="Cp1252"/>
    <property name="java.vm.name" value="Java HotSpot(TM) 64-Bit Server VM"/>
    <property name="localRepository" value="C:\Users\satya\.m2\repository"/>
    <property name="java.vendor.url.bug" value="http://bugreport.sun.com/bugreport/"/>
    <property name="java.io.tmpdir" value="C:\Users\satya\AppData\Local\Temp\"/>
    <property name="java.version" value="1.8.0_65"/>
    <property name="user.dir" value="C:\Users\satya\workspace\scenario"/>
    <property name="os.arch" value="amd64"/>
    <property name="java.vm.specification.name" value="Java Virtual Machine Specification"/>
    <property name="java.awt.printerjob" value="sun.awt.windows.WPrinterJob"/>
    <property name="sun.os.patch.level" value="Service Pack 1"/>
    <property name="java.library.path" value="C:\Program Files\Java\jdk1.8.0_65\jre\bin;C:\Windows\Sun\Java\bin;C:\Windows\system32;C:\Windows;C:\Users\satya\Desktop\selenium_auto\apache-maven-3.5.0-bin\apache-maven-3.5.0/bin;C:\Program Files\Java\jdk1.8.0_65/bin;C:\Program Files\Java\jdk1.8.0_65/bin;C:\oraclexe\app\oracle\product\11.2.0\server\bin;C:\ProgramData\Oracle\Java\javapath;C:\Windows\system32;C:\Windows;C:\Windows\System32\Wbem;C:\Windows\System32\WindowsPowerShell\v1.0\;C:\Program Files (x86)\Intel\OpenCL SDK\3.0\bin\x86;C:\Program Files (x86)\Intel\OpenCL SDK\3.0\bin\x64;C:\Users\satya\Desktop\soapui_Automation\axis2-1.6.2\axis2-1.6.2\bin;C:\Program Files\MySQL\MySQL Utilities 1.6\;C:\Users\satya\AppData\Local\Android\android-sdk;C:\Users\satya\AppData\Local\Android\android-sdk\tools;C:\Users\satya\AppData\Local\Android\android-sdk\platform-tools;C:\Program Files\nodejs\;C:\Users\satya\Desktop\selenium_auto\apache-maven-3.5.0-bin\apache-maven-3.5.0\bin;C:\Program Files\Git\cmd;C:\Program Files\PuTTY\;C:\Program Files\dotnet\;C:\Program Files\Microsoft SQL Server\130\Tools\Binn\;C:\python;C:\python\DLLs;C:\python\Lib;C:\Users\satya\Desktop\Python\lib;C:\python\Scripts\;C:\python\;C:\Users\satya\AppData\Roaming\npm;."/>
    <property name="java.vm.info" value="mixed mode"/>
    <property name="java.vendor" value="Oracle Corporation"/>
    <property name="java.vm.version" value="25.65-b01"/>
    <property name="java.ext.dirs" value="C:\Program Files\Java\jdk1.8.0_65\jre\lib\ext;C:\Windows\Sun\Java\lib\ext"/>
    <property name="sun.io.unicode.encoding" value="UnicodeLittle"/>
    <property name="java.class.version" value="52.0"/>
  </properties>
  <testcase name="verifyGooglePageTittle" classname="com.qa.tests.GoogleHomePageTest" time="0.336"/>
  <testcase name="verifyGooglePageTittle" classname="com.qa.tests.GoogleHomePageTest" time="2.911"/>
  <testcase name="verifyGooglePageTittle" classname="com.qa.tests.GoogleHomePageTest" time="5.499"/>
  <testcase name="testOneHomePage" classname="com.qa.tests.HomePageTest" time="0"/>
  <testcase name="testTwoHomePage" classname="com.qa.tests.HomePageTest" time="0"/>
  <testcase name="testOne" classname="com.qa.tests.LoginTest" time="0"/>
  <testcase name="testTwo" classname="com.qa.tests.LoginTest" time="0"/>
</testsuite>