<?xml version="1.0" encoding="UTF-8"?>
<!-- Generated by org.testng.reporters.JUnitReportReporter -->
<testsuite name="com.qa.tests.grid.ParallelTestC" tests="2" time="3.754" ignored="0" failures="0" timestamp="15 Apr 2018 20:39:05 GMT" skipped="0" hostname="eday" errors="0">
  <testcase name="testGooglePageTitleInIE" time="2.876" classname="com.qa.tests.grid.ParallelTestC"/>
  <testcase name="testSearchGoogle" time="0.878" classname="com.qa.tests.grid.ParallelTestC"/>
</testsuite> <!-- com.qa.tests.grid.ParallelTestC -->
