<?xml version="1.0" encoding="UTF-8"?>
<!-- Generated by org.testng.reporters.JUnitReportReporter -->
<testsuite name="com.qa.tests.grid.ParallelTestB" tests="2" time="3.309" ignored="0" failures="0" timestamp="15 Apr 2018 20:39:05 GMT" skipped="0" hostname="eday" errors="0">
  <testcase name="testGooglePageTitleInChrome" time="2.547" classname="com.qa.tests.grid.ParallelTestB"/>
  <testcase name="testSearchGoogle" time="0.762" classname="com.qa.tests.grid.ParallelTestB"/>
</testsuite> <!-- com.qa.tests.grid.ParallelTestB -->
