<?xml version="1.0" encoding="UTF-8"?>
<!-- Generated by org.testng.reporters.JUnitReportReporter -->
<testsuite name="com.qa.tests.GoogleHomePageTest" tests="1" time="7.905" ignored="0" failures="0" timestamp="14 Apr 2018 21:00:54 GMT" skipped="0" hostname="eday" errors="0">
  <testcase name="verifyGooglePageTittle" time="7.905" classname="com.qa.tests.GoogleHomePageTest"/>
</testsuite> <!-- com.qa.tests.GoogleHomePageTest -->
