<?xml version="1.0" encoding="UTF-8"?>
<!-- Generated by org.testng.reporters.JUnitReportReporter -->
<testsuite name="com.qa.tests.LoginTest" tests="2" time="0.007" ignored="0" failures="0" timestamp="14 Apr 2018 21:23:08 GMT" skipped="0" hostname="eday" errors="0">
  <testcase name="testTwo" time="0.001" classname="com.qa.tests.LoginTest"/>
  <testcase name="testOne" time="0.006" classname="com.qa.tests.LoginTest"/>
</testsuite> <!-- com.qa.tests.LoginTest -->
