<?xml version="1.0" encoding="UTF-8"?>
<!-- Generated by org.testng.reporters.JUnitReportReporter -->
<testsuite name="com.qa.tests.grid.ParallelTestA" tests="1" time="4.102" ignored="0" failures="0" timestamp="15 Apr 2018 20:39:05 GMT" skipped="0" hostname="eday" errors="0">
  <testcase name="testGooglePageTitleInFirefox" time="4.102" classname="com.qa.tests.grid.ParallelTestA"/>
</testsuite> <!-- com.qa.tests.grid.ParallelTestA -->
