<?xml version="1.0" encoding="UTF-8"?>
<!-- Generated by org.testng.reporters.JUnitReportReporter -->
<testsuite name="com.qa.tests.GoogleHomePageTest" tests="3" time="17.873" ignored="0" failures="0" timestamp="14 Apr 2018 22:51:49 GMT" skipped="0" hostname="eday" errors="0">
  <testcase name="verifyGooglePageTittle" time="9.327" classname="com.qa.tests.GoogleHomePageTest"/>
  <testcase name="verifyGooglePageTittle" time="2.878" classname="com.qa.tests.GoogleHomePageTest"/>
  <testcase name="verifyGooglePageTittle" time="5.668" classname="com.qa.tests.GoogleHomePageTest"/>
</testsuite> <!-- com.qa.tests.GoogleHomePageTest -->
