<?xml version="1.0" encoding="UTF-8"?>
<!-- Generated by org.testng.reporters.JUnitReportReporter -->
<testsuite name="com.qa.tests.LoginTest" tests="2" time="0.000" ignored="0" failures="0" timestamp="15 Apr 2018 17:24:50 GMT" skipped="0" hostname="eday" errors="0">
  <testcase name="testOne" time="0.000" classname="com.qa.tests.LoginTest"/>
  <testcase name="testTwo" time="0.000" classname="com.qa.tests.LoginTest"/>
</testsuite> <!-- com.qa.tests.LoginTest -->
