<?xml version="1.0" encoding="UTF-8"?>
<!-- Generated by org.testng.reporters.JUnitReportReporter -->
<testsuite name="com.qa.tests.GoogleHomePageTest" tests="3" time="21.949" ignored="0" failures="0" timestamp="15 Apr 2018 17:24:50 GMT" skipped="0" hostname="eday" errors="0">
  <testcase name="verifyGooglePageTittle" time="9.548" classname="com.qa.tests.GoogleHomePageTest"/>
  <testcase name="verifyGooglePageTittle" time="7.455" classname="com.qa.tests.GoogleHomePageTest"/>
  <testcase name="verifyGooglePageTittle" time="4.946" classname="com.qa.tests.GoogleHomePageTest"/>
</testsuite> <!-- com.qa.tests.GoogleHomePageTest -->
