<?xml version="1.0" encoding="UTF-8"?>
<!-- Generated by org.testng.reporters.JUnitReportReporter -->
<testsuite name="com.qa.tests.grid.GridExampleTest" tests="1" time="3.057" ignored="0" failures="0" timestamp="15 Apr 2018 17:24:50 GMT" skipped="0" hostname="eday" errors="0">
  <testcase name="testGooglePageTitleInIEBrowser" time="3.057" classname="com.qa.tests.grid.GridExampleTest"/>
</testsuite> <!-- com.qa.tests.grid.GridExampleTest -->
